"D:\TMD\Clion\CLion 2023.3.3\bin\cmake\win\x64\bin\cmake.exe" -DCMAKE_BUILD_TYPE=Debug "-DCMAKE_MAKE_PROGRAM=D:/TMD/Clion/CLion 2023.3.3/bin/ninja/win/x64/ninja.exe" -DCMAKE_C_COMPILER=C:/ClineTool/gcc-arm-none-eabi-10.3-2021.10/bin/arm-none-eabi-gcc.exe -DCMAKE_CXX_COMPILER=C:/ClineTool/gcc-arm-none-eabi-10.3-2021.10/bin/arm-none-eabi-g++.exe -G Ninja -S D:\__easyHelper__\CMSIS-DSP-1.15.0\Source -B D:\__easyHelper__\CMSIS-DSP-1.15.0\Source\cmake-build-debug
-- The C compiler identification is GNU 10.3.1
-- The CXX compiler identification is GNU 10.3.1
-- Detecting C compiler ABI info
-- Detecting C compiler ABI info - failed
-- Check for working C compiler: C:/ClineTool/gcc-arm-none-eabi-10.3-2021.10/bin/arm-none-eabi-gcc.exe
-- Check for working C compiler: C:/ClineTool/gcc-arm-none-eabi-10.3-2021.10/bin/arm-none-eabi-gcc.exe - broken
CMake Error at D:/TMD/Clion/CLion 2023.3.3/bin/cmake/win/x64/share/cmake-3.27/Modules/CMakeTestCCompiler.cmake:67 (message):
  The C compiler

    "C:/ClineTool/gcc-arm-none-eabi-10.3-2021.10/bin/arm-none-eabi-gcc.exe"

  is not able to compile a simple test program.

  It fails with the following output:

    Change Dir: 'D:/__easyHelper__/CMSIS-DSP-1.15.0/Source/cmake-build-debug/CMakeFiles/CMakeScratch/TryCompile-gubrjj'
    
    Run Build Command(s): "D:/TMD/Clion/CLion 2023.3.3/bin/ninja/win/x64/ninja.exe" -v cmTC_0661f
    [1/2] C:\ClineTool\gcc-arm-none-eabi-10.3-2021.10\bin\arm-none-eabi-gcc.exe   -fdiagnostics-color=always -o CMakeFiles/cmTC_0661f.dir/testCCompiler.c.obj -c D:/__easyHelper__/CMSIS-DSP-1.15.0/Source/cmake-build-debug/CMakeFiles/CMakeScratch/TryCompile-gubrjj/testCCompiler.c
    [2/2] cmd.exe /C "cd . && C:\ClineTool\gcc-arm-none-eabi-10.3-2021.10\bin\arm-none-eabi-gcc.exe   CMakeFiles/cmTC_0661f.dir/testCCompiler.c.obj -o cmTC_0661f.exe -Wl,--out-implib,libcmTC_0661f.dll.a -Wl,--major-image-version,0,--minor-image-version,0  -lkernel32 -luser32 -lgdi32 -lwinspool -lshell32 -lole32 -loleaut32 -luuid -lcomdlg32 -ladvapi32 && cd ."
    FAILED: cmTC_0661f.exe 
    cmd.exe /C "cd . && C:\ClineTool\gcc-arm-none-eabi-10.3-2021.10\bin\arm-none-eabi-gcc.exe   CMakeFiles/cmTC_0661f.dir/testCCompiler.c.obj -o cmTC_0661f.exe -Wl,--out-implib,libcmTC_0661f.dll.a -Wl,--major-image-version,0,--minor-image-version,0  -lkernel32 -luser32 -lgdi32 -lwinspool -lshell32 -lole32 -loleaut32 -luuid -lcomdlg32 -ladvapi32 && cd ."
    c:/clinetool/gcc-arm-none-eabi-10.3-2021.10/bin/../lib/gcc/arm-none-eabi/10.3.1/../../../../arm-none-eabi/bin/ld.exe: unrecognized option '--major-image-version'
    c:/clinetool/gcc-arm-none-eabi-10.3-2021.10/bin/../lib/gcc/arm-none-eabi/10.3.1/../../../../arm-none-eabi/bin/ld.exe: use the --help option for usage information
    collect2.exe: error: ld returned 1 exit status
    ninja: build stopped: subcommand failed.
    
    

  

  CMake will not be able to correctly generate this project.
Call Stack (most recent call first):
  CMakeLists.txt:3 (project)


-- Configuring incomplete, errors occurred!
